<?xml version="1.0" encoding="UTF-8"?>
<robot generator="Robot 3.2.2 (Python 3.7.7 on win32)" generated="20220309 10:42:15.851" rpa="false">
<suite id="s1" name="Projectcoba" source="C:\Users\dennypc\eclipse-workspace\projectcoba">
<suite id="s1-s1" name="Testcase" source="C:\Users\dennypc\eclipse-workspace\projectcoba\testcase.robot">
<kw name="Open Browser" library="SeleniumLibrary" type="setup">
<doc>Opens a new browser instance to the optional ``url``.</doc>
<arguments>
<arg>${url}</arg>
<arg>${browser}</arg>
</arguments>
<msg timestamp="20220309 10:42:16.827" level="INFO">Opening browser 'chrome' to base url 'https://opensource-demo.orangehrmlive.com/'.</msg>
<status status="PASS" starttime="20220309 10:42:16.825" endtime="20220309 10:42:32.890"></status>
</kw>
<test id="s1-s1-t1" name="login valid password">
<kw name="Maximize Browser Window" library="SeleniumLibrary">
<doc>Maximizes current browser window.</doc>
<status status="PASS" starttime="20220309 10:42:32.895" endtime="20220309 10:42:33.180"></status>
</kw>
<kw name="Wait Until Element Is Visible" library="SeleniumLibrary">
<doc>Waits until the element ``locator`` is visible.</doc>
<arguments>
<arg>id=txtUsername</arg>
<arg>10</arg>
</arguments>
<status status="PASS" starttime="20220309 10:42:33.182" endtime="20220309 10:42:33.339"></status>
</kw>
<kw name="Input Text" library="SeleniumLibrary">
<doc>Types the given ``text`` into the text field identified by ``locator``.</doc>
<arguments>
<arg>id=txtUsername</arg>
<arg>${username}</arg>
</arguments>
<msg timestamp="20220309 10:42:33.342" level="INFO">Typing text 'Admin' into text field 'id=txtUsername'.</msg>
<status status="PASS" starttime="20220309 10:42:33.341" endtime="20220309 10:42:33.602"></status>
</kw>
<kw name="Input Text" library="SeleniumLibrary">
<doc>Types the given ``text`` into the text field identified by ``locator``.</doc>
<arguments>
<arg>id=txtPassword</arg>
<arg>${password}</arg>
</arguments>
<msg timestamp="20220309 10:42:33.604" level="INFO">Typing text 'admin123' into text field 'id=txtPassword'.</msg>
<status status="PASS" starttime="20220309 10:42:33.602" endtime="20220309 10:42:33.910"></status>
</kw>
<kw name="Click Element" library="SeleniumLibrary">
<doc>Click the element identified by ``locator``.</doc>
<arguments>
<arg>id=btnLogin</arg>
</arguments>
<msg timestamp="20220309 10:42:33.913" level="INFO">Clicking element 'id=btnLogin'.</msg>
<status status="PASS" starttime="20220309 10:42:33.911" endtime="20220309 10:42:41.100"></status>
</kw>
<kw name="Wait Until Page Contains" library="SeleniumLibrary">
<doc>Waits until ``text`` appears on the current page.</doc>
<arguments>
<arg>Welcome Meghana</arg>
<arg>10</arg>
</arguments>
<status status="PASS" starttime="20220309 10:42:41.101" endtime="20220309 10:42:41.176"></status>
</kw>
<kw name="Page Should Contain" library="SeleniumLibrary">
<doc>Verifies that current page contains ``text``.</doc>
<arguments>
<arg>Welcome Meghana</arg>
</arguments>
<msg timestamp="20220309 10:42:41.210" level="INFO">Current page contains text 'Welcome Meghana'.</msg>
<status status="PASS" starttime="20220309 10:42:41.177" endtime="20220309 10:42:41.211"></status>
</kw>
<kw name="Click Element" library="SeleniumLibrary">
<doc>Click the element identified by ``locator``.</doc>
<arguments>
<arg>id=welcome</arg>
</arguments>
<msg timestamp="20220309 10:42:41.213" level="INFO">Clicking element 'id=welcome'.</msg>
<status status="PASS" starttime="20220309 10:42:41.211" endtime="20220309 10:42:41.413"></status>
</kw>
<kw name="Wait Until Element Is Visible" library="SeleniumLibrary">
<doc>Waits until the element ``locator`` is visible.</doc>
<arguments>
<arg>href=/index.php/auth/logout</arg>
<arg>10</arg>
</arguments>
<kw name="Capture Page Screenshot" library="SeleniumLibrary">
<doc>Takes a screenshot of the current page and embeds it into a log file.</doc>
<msg timestamp="20220309 10:42:58.852" level="FAIL">NoSuchWindowException: Message: no such window: target window already closed
from unknown error: web view not found
  (Session info: chrome=99.0.4844.51)
</msg>
<status status="FAIL" starttime="20220309 10:42:53.401" endtime="20220309 10:42:58.854"></status>
</kw>
<msg timestamp="20220309 10:42:58.856" level="WARN">Keyword 'Capture Page Screenshot' could not be run on failure: NoSuchWindowException: Message: no such window: target window already closed
from unknown error: web view not found
  (Session info: chrome=99.0.4844.51)
</msg>
<msg timestamp="20220309 10:42:58.865" level="FAIL">Element 'href=/index.php/auth/logout' not visible after 10 seconds.</msg>
<status status="FAIL" starttime="20220309 10:42:41.413" endtime="20220309 10:42:58.866"></status>
</kw>
<status status="FAIL" starttime="20220309 10:42:32.891" endtime="20220309 10:42:58.868" critical="yes">Element 'href=/index.php/auth/logout' not visible after 10 seconds.</status>
</test>
<test id="s1-s1-t2" name="login invalid password">
<kw name="Wait Until Element Is Visible" library="SeleniumLibrary">
<doc>Waits until the element ``locator`` is visible.</doc>
<arguments>
<arg>id=txtUsername</arg>
<arg>10</arg>
</arguments>
<kw name="Capture Page Screenshot" library="SeleniumLibrary">
<doc>Takes a screenshot of the current page and embeds it into a log file.</doc>
<msg timestamp="20220309 10:42:58.903" level="FAIL">NoSuchWindowException: Message: no such window: target window already closed
from unknown error: web view not found
  (Session info: chrome=99.0.4844.51)
</msg>
<status status="FAIL" starttime="20220309 10:42:58.891" endtime="20220309 10:42:58.904"></status>
</kw>
<msg timestamp="20220309 10:42:58.904" level="WARN">Keyword 'Capture Page Screenshot' could not be run on failure: NoSuchWindowException: Message: no such window: target window already closed
from unknown error: web view not found
  (Session info: chrome=99.0.4844.51)
</msg>
<msg timestamp="20220309 10:43:19.193" level="FAIL">NoSuchWindowException: Message: no such window: target window already closed
from unknown error: web view not found
  (Session info: chrome=99.0.4844.51)
</msg>
<status status="FAIL" starttime="20220309 10:42:58.885" endtime="20220309 10:43:19.194"></status>
</kw>
<status status="FAIL" starttime="20220309 10:42:58.876" endtime="20220309 10:43:19.197" critical="yes">NoSuchWindowException: Message: no such window: target window already closed
from unknown error: web view not found
  (Session info: chrome=99.0.4844.51)
</status>
</test>
<kw name="Close Browser" library="SeleniumLibrary" type="teardown">
<doc>Closes the current browser.</doc>
<status status="PASS" starttime="20220309 10:43:19.201" endtime="20220309 10:44:10.220"></status>
</kw>
<status status="FAIL" starttime="20220309 10:42:16.088" endtime="20220309 10:44:10.221"></status>
</suite>
<status status="FAIL" starttime="20220309 10:42:15.975" endtime="20220309 10:44:10.230"></status>
</suite>
<statistics>
<total>
<stat pass="0" fail="2">Critical Tests</stat>
<stat pass="0" fail="2">All Tests</stat>
</total>
<tag>
</tag>
<suite>
<stat pass="0" fail="2" id="s1" name="Projectcoba">Projectcoba</stat>
<stat pass="0" fail="2" id="s1-s1" name="Testcase">Projectcoba.Testcase</stat>
</suite>
</statistics>
<errors>
<msg timestamp="20220309 10:42:58.856" level="WARN">Keyword 'Capture Page Screenshot' could not be run on failure: NoSuchWindowException: Message: no such window: target window already closed
from unknown error: web view not found
  (Session info: chrome=99.0.4844.51)
</msg>
<msg timestamp="20220309 10:42:58.904" level="WARN">Keyword 'Capture Page Screenshot' could not be run on failure: NoSuchWindowException: Message: no such window: target window already closed
from unknown error: web view not found
  (Session info: chrome=99.0.4844.51)
</msg>
</errors>
</robot>
